# JRE version: OpenJDK Runtime Environment (11.0.13) (build 11.0.13+0-b1751.21-8125866)
# Java VM: OpenJDK 64-Bit Server VM (11.0.13+0-b1751.21-8125866, mixed mode, tiered, compressed oops, g1 gc, windows-amd64)
Heap:
 garbage-first heap   total 825344K, used 275429K [0x0000000080000000, 0x0000000100000000)
  region size 1024K, 6 young (6144K), 6 survivors (6144K)
 Metaspace       used 113383K, capacity 116046K, committed 116176K, reserved 1150976K
  class space    used 14438K, capacity 15443K, committed 15488K, reserved 1048576K
GC Heap History (20 events):
Event: 12.859 GC heap after
{Heap after GC invocations=28 (full 0):
 garbage-first heap   total 229376K, used 178969K [0x0000000080000000, 0x0000000100000000)
  region size 1024K, 4 young (4096K), 4 survivors (4096K)
 Metaspace       used 105277K, capacity 107603K, committed 108240K, reserved 1142784K
  class space    used 13366K, capacity 14242K, committed 14464K, reserved 1048576K
}
Event: 12.899 GC heap before
{Heap before GC invocations=28 (full 0):
 garbage-first heap   total 229376K, used 192281K [0x0000000080000000, 0x0000000100000000)
  region size 1024K, 18 young (18432K), 4 survivors (4096K)
 Metaspace       used 105490K, capacity 107830K, committed 108496K, reserved 1142784K
  class space    used 13384K, capacity 14275K, committed 14464K, reserved 1048576K
}
Event: 12.910 GC heap after
{Heap after GC invocations=29 (full 0):
 garbage-first heap   total 229376K, used 184320K [0x0000000080000000, 0x0000000100000000)
  region size 1024K, 3 young (3072K), 3 survivors (3072K)
 Metaspace       used 105490K, capacity 107830K, committed 108496K, reserved 1142784K
  class space    used 13384K, capacity 14275K, committed 14464K, reserved 1048576K
}
Event: 12.970 GC heap before
{Heap before GC invocations=30 (full 0):
 garbage-first heap   total 229376K, used 196608K [0x0000000080000000, 0x0000000100000000)
  region size 1024K, 14 young (14336K), 3 survivors (3072K)
 Metaspace       used 106389K, capacity 108843K, committed 109392K, reserved 1144832K
  class space    used 13502K, capacity 14427K, committed 14592K, reserved 1048576K
}
Event: 12.978 GC heap after
{Heap after GC invocations=31 (full 0):
 garbage-first heap   total 276480K, used 190004K [0x0000000080000000, 0x0000000100000000)
  region size 1024K, 2 young (2048K), 2 survivors (2048K)
 Metaspace       used 106389K, capacity 108843K, committed 109392K, reserved 1144832K
  class space    used 13502K, capacity 14427K, committed 14592K, reserved 1048576K
}
Event: 13.117 GC heap before
{Heap before GC invocations=31 (full 0):
 garbage-first heap   total 276480K, used 214580K [0x0000000080000000, 0x0000000100000000)
  region size 1024K, 27 young (27648K), 2 survivors (2048K)
 Metaspace       used 108440K, capacity 110931K, committed 111056K, reserved 1144832K
  class space    used 13935K, capacity 14903K, committed 14976K, reserved 1048576K
}
Event: 13.126 GC heap after
{Heap after GC invocations=32 (full 0):
 garbage-first heap   total 276480K, used 199680K [0x0000000080000000, 0x0000000100000000)
  region size 1024K, 4 young (4096K), 4 survivors (4096K)
 Metaspace       used 108440K, capacity 110931K, committed 111056K, reserved 1144832K
  class space    used 13935K, capacity 14903K, committed 14976K, reserved 1048576K
}
Event: 13.209 GC heap before
{Heap before GC invocations=32 (full 0):
 garbage-first heap   total 276480K, used 222208K [0x0000000080000000, 0x0000000100000000)
  region size 1024K, 26 young (26624K), 4 survivors (4096K)
 Metaspace       used 108508K, capacity 110998K, committed 111312K, reserved 1146880K
  class space    used 13935K, capacity 14903K, committed 14976K, reserved 1048576K
}
Event: 13.220 GC heap after
{Heap after GC invocations=33 (full 0):
 garbage-first heap   total 276480K, used 210874K [0x0000000080000000, 0x0000000100000000)
  region size 1024K, 4 young (4096K), 4 survivors (4096K)
 Metaspace       used 108508K, capacity 110998K, committed 111312K, reserved 1146880K
  class space    used 13935K, capacity 14903K, committed 14976K, reserved 1048576K
}
Event: 13.264 GC heap before
{Heap before GC invocations=33 (full 0):
 garbage-first heap   total 276480K, used 226234K [0x0000000080000000, 0x0000000100000000)
  region size 1024K, 21 young (21504K), 4 survivors (4096K)
 Metaspace       used 108517K, capacity 110998K, committed 111312K, reserved 1146880K
  class space    used 13935K, capacity 14903K, committed 14976K, reserved 1048576K
}
Event: 13.274 GC heap after
{Heap after GC invocations=34 (full 0):
 garbage-first heap   total 276480K, used 219607K [0x0000000080000000, 0x0000000100000000)
  region size 1024K, 3 young (3072K), 3 survivors (3072K)
 Metaspace       used 108517K, capacity 110998K, committed 111312K, reserved 1146880K
  class space    used 13935K, capacity 14903K, committed 14976K, reserved 1048576K
}
Event: 13.343 GC heap before
{Heap before GC invocations=35 (full 0):
 garbage-first heap   total 276480K, used 232919K [0x0000000080000000, 0x0000000100000000)
  region size 1024K, 16 young (16384K), 3 survivors (3072K)
 Metaspace       used 108523K, capacity 111002K, committed 111312K, reserved 1146880K
  class space    used 13935K, capacity 14903K, committed 14976K, reserved 1048576K
}
Event: 13.353 GC heap after
{Heap after GC invocations=36 (full 0):
 garbage-first heap   total 475136K, used 227014K [0x0000000080000000, 0x0000000100000000)
  region size 1024K, 2 young (2048K), 2 survivors (2048K)
 Metaspace       used 108523K, capacity 111002K, committed 111312K, reserved 1146880K
  class space    used 13935K, capacity 14903K, committed 14976K, reserved 1048576K
}
Event: 13.503 GC heap before
{Heap before GC invocations=36 (full 0):
 garbage-first heap   total 475136K, used 294598K [0x0000000080000000, 0x0000000100000000)
  region size 1024K, 69 young (70656K), 2 survivors (2048K)
 Metaspace       used 108607K, capacity 111135K, committed 111312K, reserved 1146880K
  class space    used 13935K, capacity 14903K, committed 14976K, reserved 1048576K
}
Event: 13.532 GC heap after
{Heap after GC invocations=37 (full 0):
 garbage-first heap   total 475136K, used 261918K [0x0000000080000000, 0x0000000100000000)
  region size 1024K, 9 young (9216K), 9 survivors (9216K)
 Metaspace       used 108607K, capacity 111135K, committed 111312K, reserved 1146880K
  class space    used 13935K, capacity 14903K, committed 14976K, reserved 1048576K
}
Event: 13.842 GC heap before
{Heap before GC invocations=38 (full 0):
 garbage-first heap   total 475136K, used 323358K [0x0000000080000000, 0x0000000100000000)
  region size 1024K, 68 young (69632K), 9 survivors (9216K)
 Metaspace       used 110828K, capacity 113265K, committed 113616K, reserved 1148928K
  class space    used 14174K, capacity 15119K, committed 15232K, reserved 1048576K
}
Event: 13.862 GC heap after
{Heap after GC invocations=39 (full 0):
 garbage-first heap   total 475136K, used 286208K [0x0000000080000000, 0x0000000100000000)
  region size 1024K, 9 young (9216K), 9 survivors (9216K)
 Metaspace       used 110828K, capacity 113265K, committed 113616K, reserved 1148928K
  class space    used 14174K, capacity 15119K, committed 15232K, reserved 1048576K
}
Event: 13.883 GC heap before
{Heap before GC invocations=39 (full 0):
 garbage-first heap   total 475136K, used 291328K [0x0000000080000000, 0x0000000100000000)
  region size 1024K, 15 young (15360K), 9 survivors (9216K)
 Metaspace       used 110917K, capacity 113323K, committed 113616K, reserved 1148928K
  class space    used 14189K, capacity 15137K, committed 15232K, reserved 1048576K
}
Event: 13.891 GC heap after
{Heap after GC invocations=40 (full 0):
 garbage-first heap   total 475136K, used 290104K [0x0000000080000000, 0x0000000100000000)
  region size 1024K, 2 young (2048K), 2 survivors (2048K)
 Metaspace       used 110917K, capacity 113323K, committed 113616K, reserved 1148928K
  class space    used 14189K, capacity 15137K, committed 15232K, reserved 1048576K
}
Event: 14.261 GC heap before
{Heap before GC invocations=41 (full 0):
 garbage-first heap   total 475136K, used 320824K [0x0000000080000000, 0x0000000100000000)
  region size 1024K, 51 young (52224K), 2 survivors (2048K)
 Metaspace       used 113383K, capacity 116046K, committed 116176K, reserved 1150976K
  class space    used 14438K, capacity 15443K, committed 15488K, reserved 1048576K
}

