# JRE version: OpenJDK Runtime Environment (11.0.13) (build 11.0.13+0-b1751.21-8125866)
# Java VM: OpenJDK 64-Bit Server VM (11.0.13+0-b1751.21-8125866, mixed mode, tiered, compressed oops, g1 gc, windows-amd64)
Heap:
 garbage-first heap   total 602112K, used 289897K [0x0000000080000000, 0x0000000100000000)
  region size 1024K, 2 young (2048K), 2 survivors (2048K)
 Metaspace       used 142152K, capacity 146057K, committed 146164K, reserved 1175552K
  class space    used 17884K, capacity 19308K, committed 19328K, reserved 1048576K
GC Heap History (20 events):
Event: 811.523 GC heap after
{Heap after GC invocations=92 (full 0):
 garbage-first heap   total 269312K, used 206823K [0x0000000080000000, 0x0000000100000000)
  region size 1024K, 3 young (3072K), 3 survivors (3072K)
 Metaspace       used 140841K, capacity 144521K, committed 144628K, reserved 1175552K
  class space    used 17697K, capacity 19050K, committed 19072K, reserved 1048576K
}
Event: 811.736 GC heap before
{Heap before GC invocations=93 (full 0):
 garbage-first heap   total 270336K, used 268263K [0x0000000080000000, 0x0000000100000000)
  region size 1024K, 31 young (31744K), 3 survivors (3072K)
 Metaspace       used 141408K, capacity 145118K, committed 145268K, reserved 1175552K
  class space    used 17781K, capacity 19138K, committed 19200K, reserved 1048576K
}
Event: 811.743 GC heap after
{Heap after GC invocations=94 (full 0):
 garbage-first heap   total 281600K, used 238587K [0x0000000080000000, 0x0000000100000000)
  region size 1024K, 4 young (4096K), 4 survivors (4096K)
 Metaspace       used 141408K, capacity 145118K, committed 145268K, reserved 1175552K
  class space    used 17781K, capacity 19138K, committed 19200K, reserved 1048576K
}
Event: 811.754 GC heap before
{Heap before GC invocations=94 (full 0):
 garbage-first heap   total 281600K, used 270331K [0x0000000080000000, 0x0000000100000000)
  region size 1024K, 13 young (13312K), 4 survivors (4096K)
 Metaspace       used 141433K, capacity 145182K, committed 145268K, reserved 1175552K
  class space    used 17784K, capacity 19138K, committed 19200K, reserved 1048576K
}
Event: 811.759 GC heap after
{Heap after GC invocations=95 (full 0):
 garbage-first heap   total 281600K, used 248859K [0x0000000080000000, 0x0000000100000000)
  region size 1024K, 2 young (2048K), 2 survivors (2048K)
 Metaspace       used 141433K, capacity 145182K, committed 145268K, reserved 1175552K
  class space    used 17784K, capacity 19138K, committed 19200K, reserved 1048576K
}
Event: 811.759 GC heap before
{Heap before GC invocations=95 (full 0):
 garbage-first heap   total 281600K, used 248859K [0x0000000080000000, 0x0000000100000000)
  region size 1024K, 3 young (3072K), 2 survivors (2048K)
 Metaspace       used 141435K, capacity 145182K, committed 145268K, reserved 1175552K
  class space    used 17784K, capacity 19138K, committed 19200K, reserved 1048576K
}
Event: 811.762 GC heap after
{Heap after GC invocations=96 (full 0):
 garbage-first heap   total 281600K, used 249340K [0x0000000080000000, 0x0000000100000000)
  region size 1024K, 1 young (1024K), 1 survivors (1024K)
 Metaspace       used 141435K, capacity 145182K, committed 145268K, reserved 1175552K
  class space    used 17784K, capacity 19138K, committed 19200K, reserved 1048576K
}
Event: 811.827 GC heap before
{Heap before GC invocations=96 (full 0):
 garbage-first heap   total 281600K, used 262652K [0x0000000080000000, 0x0000000100000000)
  region size 1024K, 13 young (13312K), 1 survivors (1024K)
 Metaspace       used 141537K, capacity 145350K, committed 145524K, reserved 1175552K
  class space    used 17791K, capacity 19172K, committed 19200K, reserved 1048576K
}
Event: 811.832 GC heap after
{Heap after GC invocations=97 (full 0):
 garbage-first heap   total 281600K, used 254620K [0x0000000080000000, 0x0000000100000000)
  region size 1024K, 2 young (2048K), 2 survivors (2048K)
 Metaspace       used 141537K, capacity 145350K, committed 145524K, reserved 1175552K
  class space    used 17791K, capacity 19172K, committed 19200K, reserved 1048576K
}
Event: 811.897 GC heap before
{Heap before GC invocations=97 (full 0):
 garbage-first heap   total 281600K, used 264860K [0x0000000080000000, 0x0000000100000000)
  region size 1024K, 13 young (13312K), 2 survivors (2048K)
 Metaspace       used 141542K, capacity 145350K, committed 145524K, reserved 1175552K
  class space    used 17791K, capacity 19172K, committed 19200K, reserved 1048576K
}
Event: 811.903 GC heap after
{Heap after GC invocations=98 (full 0):
 garbage-first heap   total 281600K, used 258967K [0x0000000080000000, 0x0000000100000000)
  region size 1024K, 2 young (2048K), 2 survivors (2048K)
 Metaspace       used 141542K, capacity 145350K, committed 145524K, reserved 1175552K
  class space    used 17791K, capacity 19172K, committed 19200K, reserved 1048576K
}
Event: 811.949 GC heap before
{Heap before GC invocations=98 (full 0):
 garbage-first heap   total 281600K, used 269207K [0x0000000080000000, 0x0000000100000000)
  region size 1024K, 13 young (13312K), 2 survivors (2048K)
 Metaspace       used 141547K, capacity 145350K, committed 145524K, reserved 1175552K
  class space    used 17791K, capacity 19172K, committed 19200K, reserved 1048576K
}
Event: 811.956 GC heap after
{Heap after GC invocations=99 (full 0):
 garbage-first heap   total 337920K, used 263386K [0x0000000080000000, 0x0000000100000000)
  region size 1024K, 2 young (2048K), 2 survivors (2048K)
 Metaspace       used 141547K, capacity 145350K, committed 145524K, reserved 1175552K
  class space    used 17791K, capacity 19172K, committed 19200K, reserved 1048576K
}
Event: 812.032 GC heap before
{Heap before GC invocations=100 (full 0):
 garbage-first heap   total 337920K, used 282842K [0x0000000080000000, 0x0000000100000000)
  region size 1024K, 20 young (20480K), 2 survivors (2048K)
 Metaspace       used 141555K, capacity 145350K, committed 145524K, reserved 1175552K
  class space    used 17791K, capacity 19172K, committed 19200K, reserved 1048576K
}
Event: 812.042 GC heap after
{Heap after GC invocations=101 (full 0):
 garbage-first heap   total 337920K, used 271840K [0x0000000080000000, 0x0000000100000000)
  region size 1024K, 3 young (3072K), 3 survivors (3072K)
 Metaspace       used 141555K, capacity 145350K, committed 145524K, reserved 1175552K
  class space    used 17791K, capacity 19172K, committed 19200K, reserved 1048576K
}
Event: 812.095 GC heap before
{Heap before GC invocations=101 (full 0):
 garbage-first heap   total 337920K, used 285152K [0x0000000080000000, 0x0000000100000000)
  region size 1024K, 16 young (16384K), 3 survivors (3072K)
 Metaspace       used 141582K, capacity 145350K, committed 145524K, reserved 1175552K
  class space    used 17795K, capacity 19172K, committed 19200K, reserved 1048576K
}
Event: 812.104 GC heap after
{Heap after GC invocations=102 (full 0):
 garbage-first heap   total 337920K, used 277444K [0x0000000080000000, 0x0000000100000000)
  region size 1024K, 2 young (2048K), 2 survivors (2048K)
 Metaspace       used 141582K, capacity 145350K, committed 145524K, reserved 1175552K
  class space    used 17795K, capacity 19172K, committed 19200K, reserved 1048576K
}
Event: 812.161 GC heap before
{Heap before GC invocations=102 (full 0):
 garbage-first heap   total 337920K, used 289732K [0x0000000080000000, 0x0000000100000000)
  region size 1024K, 16 young (16384K), 2 survivors (2048K)
 Metaspace       used 141669K, capacity 145446K, committed 145652K, reserved 1175552K
  class space    used 17810K, capacity 19204K, committed 19328K, reserved 1048576K
}
Event: 812.169 GC heap after
{Heap after GC invocations=103 (full 0):
 garbage-first heap   total 337920K, used 282183K [0x0000000080000000, 0x0000000100000000)
  region size 1024K, 2 young (2048K), 2 survivors (2048K)
 Metaspace       used 141669K, capacity 145446K, committed 145652K, reserved 1175552K
  class space    used 17810K, capacity 19204K, committed 19328K, reserved 1048576K
}
Event: 812.281 GC heap before
{Heap before GC invocations=103 (full 0):
 garbage-first heap   total 337920K, used 298567K [0x0000000080000000, 0x0000000100000000)
  region size 1024K, 16 young (16384K), 2 survivors (2048K)
 Metaspace       used 142152K, capacity 146057K, committed 146164K, reserved 1175552K
  class space    used 17884K, capacity 19308K, committed 19328K, reserved 1048576K
}

