# JRE version: OpenJDK Runtime Environment (11.0.13) (build 11.0.13+0-b1751.21-8125866)
# Java VM: OpenJDK 64-Bit Server VM (11.0.13+0-b1751.21-8125866, mixed mode, tiered, compressed oops, g1 gc, windows-amd64)
Heap:
 garbage-first heap   total 743424K, used 278146K [0x0000000080000000, 0x0000000100000000)
  region size 1024K, 7 young (7168K), 7 survivors (7168K)
 Metaspace       used 110217K, capacity 113034K, committed 113328K, reserved 1146880K
  class space    used 14067K, capacity 15180K, committed 15232K, reserved 1048576K
GC Heap History (20 events):
Event: 42.549 GC heap after
{Heap after GC invocations=37 (full 0):
 garbage-first heap   total 201728K, used 155882K [0x0000000080000000, 0x0000000100000000)
  region size 1024K, 3 young (3072K), 3 survivors (3072K)
 Metaspace       used 108373K, capacity 111052K, committed 111280K, reserved 1146880K
  class space    used 13860K, capacity 14899K, committed 14976K, reserved 1048576K
}
Event: 42.740 GC heap before
{Heap before GC invocations=37 (full 0):
 garbage-first heap   total 201728K, used 169194K [0x0000000080000000, 0x0000000100000000)
  region size 1024K, 17 young (17408K), 3 survivors (3072K)
 Metaspace       used 108544K, capacity 111198K, committed 111280K, reserved 1146880K
  class space    used 13872K, capacity 14939K, committed 14976K, reserved 1048576K
}
Event: 42.788 GC heap after
{Heap after GC invocations=38 (full 0):
 garbage-first heap   total 201728K, used 160842K [0x0000000080000000, 0x0000000100000000)
  region size 1024K, 3 young (3072K), 3 survivors (3072K)
 Metaspace       used 108544K, capacity 111198K, committed 111280K, reserved 1146880K
  class space    used 13872K, capacity 14939K, committed 14976K, reserved 1048576K
}
Event: 42.868 GC heap before
{Heap before GC invocations=38 (full 0):
 garbage-first heap   total 201728K, used 172106K [0x0000000080000000, 0x0000000100000000)
  region size 1024K, 14 young (14336K), 3 survivors (3072K)
 Metaspace       used 108723K, capacity 111326K, committed 111536K, reserved 1146880K
  class space    used 13887K, capacity 14939K, committed 14976K, reserved 1048576K
}
Event: 42.889 GC heap after
{Heap after GC invocations=39 (full 0):
 garbage-first heap   total 242688K, used 166616K [0x0000000080000000, 0x0000000100000000)
  region size 1024K, 2 young (2048K), 2 survivors (2048K)
 Metaspace       used 108723K, capacity 111326K, committed 111536K, reserved 1146880K
  class space    used 13887K, capacity 14939K, committed 14976K, reserved 1048576K
}
Event: 43.536 GC heap before
{Heap before GC invocations=40 (full 0):
 garbage-first heap   total 242688K, used 190168K [0x0000000080000000, 0x0000000100000000)
  region size 1024K, 25 young (25600K), 2 survivors (2048K)
 Metaspace       used 109002K, capacity 111699K, committed 111920K, reserved 1146880K
  class space    used 13924K, capacity 14980K, committed 15104K, reserved 1048576K
}
Event: 43.626 GC heap after
{Heap after GC invocations=41 (full 0):
 garbage-first heap   total 242688K, used 177051K [0x0000000080000000, 0x0000000100000000)
  region size 1024K, 4 young (4096K), 4 survivors (4096K)
 Metaspace       used 109002K, capacity 111699K, committed 111920K, reserved 1146880K
  class space    used 13924K, capacity 14980K, committed 15104K, reserved 1048576K
}
Event: 43.770 GC heap before
{Heap before GC invocations=41 (full 0):
 garbage-first heap   total 242688K, used 187291K [0x0000000080000000, 0x0000000100000000)
  region size 1024K, 16 young (16384K), 4 survivors (4096K)
 Metaspace       used 109008K, capacity 111700K, committed 111920K, reserved 1146880K
  class space    used 13925K, capacity 14980K, committed 15104K, reserved 1048576K
}
Event: 43.789 GC heap after
{Heap after GC invocations=42 (full 0):
 garbage-first heap   total 242688K, used 182006K [0x0000000080000000, 0x0000000100000000)
  region size 1024K, 3 young (3072K), 3 survivors (3072K)
 Metaspace       used 109008K, capacity 111700K, committed 111920K, reserved 1146880K
  class space    used 13925K, capacity 14980K, committed 15104K, reserved 1048576K
}
Event: 44.465 GC heap before
{Heap before GC invocations=42 (full 0):
 garbage-first heap   total 242688K, used 200438K [0x0000000080000000, 0x0000000100000000)
  region size 1024K, 19 young (19456K), 3 survivors (3072K)
 Metaspace       used 109544K, capacity 112323K, committed 112432K, reserved 1146880K
  class space    used 14007K, capacity 15088K, committed 15104K, reserved 1048576K
}
Event: 44.541 GC heap after
{Heap after GC invocations=43 (full 0):
 garbage-first heap   total 242688K, used 192117K [0x0000000080000000, 0x0000000100000000)
  region size 1024K, 3 young (3072K), 3 survivors (3072K)
 Metaspace       used 109544K, capacity 112323K, committed 112432K, reserved 1146880K
  class space    used 14007K, capacity 15088K, committed 15104K, reserved 1048576K
}
Event: 44.752 GC heap before
{Heap before GC invocations=44 (full 0):
 garbage-first heap   total 242688K, used 204405K [0x0000000080000000, 0x0000000100000000)
  region size 1024K, 15 young (15360K), 3 survivors (3072K)
 Metaspace       used 109604K, capacity 112327K, committed 112432K, reserved 1146880K
  class space    used 14007K, capacity 15088K, committed 15104K, reserved 1048576K
}
Event: 44.772 GC heap after
{Heap after GC invocations=45 (full 0):
 garbage-first heap   total 444416K, used 198656K [0x0000000080000000, 0x0000000100000000)
  region size 1024K, 2 young (2048K), 2 survivors (2048K)
 Metaspace       used 109604K, capacity 112327K, committed 112432K, reserved 1146880K
  class space    used 14007K, capacity 15088K, committed 15104K, reserved 1048576K
}
Event: 45.064 GC heap before
{Heap before GC invocations=45 (full 0):
 garbage-first heap   total 444416K, used 218112K [0x0000000080000000, 0x0000000100000000)
  region size 1024K, 21 young (21504K), 2 survivors (2048K)
 Metaspace       used 109644K, capacity 112398K, committed 112432K, reserved 1146880K
  class space    used 14007K, capacity 15088K, committed 15104K, reserved 1048576K
}
Event: 45.084 GC heap after
{Heap after GC invocations=46 (full 0):
 garbage-first heap   total 444416K, used 209603K [0x0000000080000000, 0x0000000100000000)
  region size 1024K, 3 young (3072K), 3 survivors (3072K)
 Metaspace       used 109644K, capacity 112398K, committed 112432K, reserved 1146880K
  class space    used 14007K, capacity 15088K, committed 15104K, reserved 1048576K
}
Event: 45.619 GC heap before
{Heap before GC invocations=46 (full 0):
 garbage-first heap   total 444416K, used 276163K [0x0000000080000000, 0x0000000100000000)
  region size 1024K, 68 young (69632K), 3 survivors (3072K)
 Metaspace       used 109669K, capacity 112401K, committed 112432K, reserved 1146880K
  class space    used 14007K, capacity 15088K, committed 15104K, reserved 1048576K
}
Event: 45.699 GC heap after
{Heap after GC invocations=47 (full 0):
 garbage-first heap   total 444416K, used 244951K [0x0000000080000000, 0x0000000100000000)
  region size 1024K, 9 young (9216K), 9 survivors (9216K)
 Metaspace       used 109669K, capacity 112401K, committed 112432K, reserved 1146880K
  class space    used 14007K, capacity 15088K, committed 15104K, reserved 1048576K
}
Event: 46.915 GC heap before
{Heap before GC invocations=47 (full 0):
 garbage-first heap   total 444416K, used 300247K [0x0000000080000000, 0x0000000100000000)
  region size 1024K, 65 young (66560K), 9 survivors (9216K)
 Metaspace       used 109757K, capacity 112486K, committed 112688K, reserved 1146880K
  class space    used 13993K, capacity 15044K, committed 15104K, reserved 1048576K
}
Event: 46.972 GC heap after
{Heap after GC invocations=48 (full 0):
 garbage-first heap   total 444416K, used 270336K [0x0000000080000000, 0x0000000100000000)
  region size 1024K, 9 young (9216K), 9 survivors (9216K)
 Metaspace       used 109757K, capacity 112486K, committed 112688K, reserved 1146880K
  class space    used 13993K, capacity 15044K, committed 15104K, reserved 1048576K
}
Event: 48.770 GC heap before
{Heap before GC invocations=49 (full 0):
 garbage-first heap   total 444416K, used 320512K [0x0000000080000000, 0x0000000100000000)
  region size 1024K, 59 young (60416K), 9 survivors (9216K)
 Metaspace       used 110217K, capacity 113034K, committed 113328K, reserved 1146880K
  class space    used 14067K, capacity 15180K, committed 15232K, reserved 1048576K
}

