# JRE version: OpenJDK Runtime Environment (11.0.13) (build 11.0.13+0-b1751.21-8125866)
# Java VM: OpenJDK 64-Bit Server VM (11.0.13+0-b1751.21-8125866, mixed mode, tiered, compressed oops, g1 gc, windows-amd64)
Heap:
 garbage-first heap   total 688128K, used 228748K [0x0000000080000000, 0x0000000100000000)
  region size 1024K, 5 young (5120K), 5 survivors (5120K)
 Metaspace       used 110860K, capacity 113592K, committed 113672K, reserved 1148928K
  class space    used 14280K, capacity 15308K, committed 15360K, reserved 1048576K
GC Heap History (20 events):
Event: 14.785 GC heap after
{Heap after GC invocations=32 (full 0):
 garbage-first heap   total 186368K, used 129921K [0x0000000080000000, 0x0000000100000000)
  region size 1024K, 2 young (2048K), 2 survivors (2048K)
 Metaspace       used 107058K, capacity 109442K, committed 109576K, reserved 1144832K
  class space    used 13635K, capacity 14589K, committed 14592K, reserved 1048576K
}
Event: 14.802 GC heap before
{Heap before GC invocations=32 (full 0):
 garbage-first heap   total 189440K, used 187265K [0x0000000080000000, 0x0000000100000000)
  region size 1024K, 17 young (17408K), 2 survivors (2048K)
 Metaspace       used 107090K, capacity 109506K, committed 109576K, reserved 1144832K
  class space    used 13638K, capacity 14589K, committed 14592K, reserved 1048576K
}
Event: 14.805 GC heap after
{Heap after GC invocations=33 (full 0):
 garbage-first heap   total 195584K, used 151967K [0x0000000080000000, 0x0000000100000000)
  region size 1024K, 3 young (3072K), 3 survivors (3072K)
 Metaspace       used 107090K, capacity 109506K, committed 109576K, reserved 1144832K
  class space    used 13638K, capacity 14589K, committed 14592K, reserved 1048576K
}
Event: 14.880 GC heap before
{Heap before GC invocations=33 (full 0):
 garbage-first heap   total 195584K, used 166303K [0x0000000080000000, 0x0000000100000000)
  region size 1024K, 14 young (14336K), 3 survivors (3072K)
 Metaspace       used 107371K, capacity 109833K, committed 109960K, reserved 1144832K
  class space    used 13681K, capacity 14655K, committed 14720K, reserved 1048576K
}
Event: 14.883 GC heap after
{Heap after GC invocations=34 (full 0):
 garbage-first heap   total 195584K, used 156390K [0x0000000080000000, 0x0000000100000000)
  region size 1024K, 2 young (2048K), 2 survivors (2048K)
 Metaspace       used 107371K, capacity 109833K, committed 109960K, reserved 1144832K
  class space    used 13681K, capacity 14655K, committed 14720K, reserved 1048576K
}
Event: 14.925 GC heap before
{Heap before GC invocations=35 (full 0):
 garbage-first heap   total 195584K, used 165606K [0x0000000080000000, 0x0000000100000000)
  region size 1024K, 11 young (11264K), 2 survivors (2048K)
 Metaspace       used 107431K, capacity 110018K, committed 110216K, reserved 1144832K
  class space    used 13689K, capacity 14695K, committed 14720K, reserved 1048576K
}
Event: 14.947 GC heap after
{Heap after GC invocations=36 (full 0):
 garbage-first heap   total 195584K, used 160158K [0x0000000080000000, 0x0000000100000000)
  region size 1024K, 2 young (2048K), 2 survivors (2048K)
 Metaspace       used 107431K, capacity 110018K, committed 110216K, reserved 1144832K
  class space    used 13689K, capacity 14695K, committed 14720K, reserved 1048576K
}
Event: 14.972 GC heap before
{Heap before GC invocations=36 (full 0):
 garbage-first heap   total 195584K, used 167326K [0x0000000080000000, 0x0000000100000000)
  region size 1024K, 9 young (9216K), 2 survivors (2048K)
 Metaspace       used 107535K, capacity 110082K, committed 110216K, reserved 1144832K
  class space    used 13706K, capacity 14695K, committed 14720K, reserved 1048576K
}
Event: 14.978 GC heap after
{Heap after GC invocations=37 (full 0):
 garbage-first heap   total 195584K, used 162809K [0x0000000080000000, 0x0000000100000000)
  region size 1024K, 2 young (2048K), 2 survivors (2048K)
 Metaspace       used 107535K, capacity 110082K, committed 110216K, reserved 1144832K
  class space    used 13706K, capacity 14695K, committed 14720K, reserved 1048576K
}
Event: 15.005 GC heap before
{Heap before GC invocations=37 (full 0):
 garbage-first heap   total 195584K, used 169977K [0x0000000080000000, 0x0000000100000000)
  region size 1024K, 9 young (9216K), 2 survivors (2048K)
 Metaspace       used 107615K, capacity 110212K, committed 110472K, reserved 1144832K
  class space    used 13715K, capacity 14696K, committed 14720K, reserved 1048576K
}
Event: 15.011 GC heap after
{Heap after GC invocations=38 (full 0):
 garbage-first heap   total 195584K, used 165718K [0x0000000080000000, 0x0000000100000000)
  region size 1024K, 2 young (2048K), 2 survivors (2048K)
 Metaspace       used 107615K, capacity 110212K, committed 110472K, reserved 1144832K
  class space    used 13715K, capacity 14696K, committed 14720K, reserved 1048576K
}
Event: 15.048 GC heap before
{Heap before GC invocations=38 (full 0):
 garbage-first heap   total 195584K, used 171862K [0x0000000080000000, 0x0000000100000000)
  region size 1024K, 9 young (9216K), 2 survivors (2048K)
 Metaspace       used 107645K, capacity 110212K, committed 110472K, reserved 1144832K
  class space    used 13717K, capacity 14696K, committed 14720K, reserved 1048576K
}
Event: 15.056 GC heap after
{Heap after GC invocations=39 (full 0):
 garbage-first heap   total 325632K, used 168764K [0x0000000080000000, 0x0000000100000000)
  region size 1024K, 2 young (2048K), 2 survivors (2048K)
 Metaspace       used 107645K, capacity 110212K, committed 110472K, reserved 1144832K
  class space    used 13717K, capacity 14696K, committed 14720K, reserved 1048576K
}
Event: 15.160 GC heap before
{Heap before GC invocations=40 (full 0):
 garbage-first heap   total 325632K, used 186172K [0x0000000080000000, 0x0000000100000000)
  region size 1024K, 19 young (19456K), 2 survivors (2048K)
 Metaspace       used 107788K, capacity 110378K, committed 110600K, reserved 1144832K
  class space    used 13736K, capacity 14730K, committed 14848K, reserved 1048576K
}
Event: 15.175 GC heap after
{Heap after GC invocations=41 (full 0):
 garbage-first heap   total 325632K, used 176493K [0x0000000080000000, 0x0000000100000000)
  region size 1024K, 6 young (6144K), 6 survivors (6144K)
 Metaspace       used 107788K, capacity 110378K, committed 110600K, reserved 1144832K
  class space    used 13736K, capacity 14730K, committed 14848K, reserved 1048576K
}
Event: 15.458 GC heap before
{Heap before GC invocations=42 (full 0):
 garbage-first heap   total 325632K, used 219501K [0x0000000080000000, 0x0000000100000000)
  region size 1024K, 46 young (47104K), 6 survivors (6144K)
 Metaspace       used 110320K, capacity 113064K, committed 113416K, reserved 1146880K
  class space    used 14224K, capacity 15235K, committed 15360K, reserved 1048576K
}
Event: 15.475 GC heap after
{Heap after GC invocations=43 (full 0):
 garbage-first heap   total 325632K, used 191610K [0x0000000080000000, 0x0000000100000000)
  region size 1024K, 6 young (6144K), 6 survivors (6144K)
 Metaspace       used 110320K, capacity 113064K, committed 113416K, reserved 1146880K
  class space    used 14224K, capacity 15235K, committed 15360K, reserved 1048576K
}
Event: 15.626 GC heap before
{Heap before GC invocations=43 (full 0):
 garbage-first heap   total 325632K, used 229498K [0x0000000080000000, 0x0000000100000000)
  region size 1024K, 44 young (45056K), 6 survivors (6144K)
 Metaspace       used 110853K, capacity 113591K, committed 113672K, reserved 1148928K
  class space    used 14280K, capacity 15308K, committed 15360K, reserved 1048576K
}
Event: 15.644 GC heap after
{Heap after GC invocations=44 (full 0):
 garbage-first heap   total 325632K, used 210769K [0x0000000080000000, 0x0000000100000000)
  region size 1024K, 6 young (6144K), 6 survivors (6144K)
 Metaspace       used 110853K, capacity 113591K, committed 113672K, reserved 1148928K
  class space    used 14280K, capacity 15308K, committed 15360K, reserved 1048576K
}
Event: 15.745 GC heap before
{Heap before GC invocations=44 (full 0):
 garbage-first heap   total 325632K, used 244561K [0x0000000080000000, 0x0000000100000000)
  region size 1024K, 39 young (39936K), 6 survivors (6144K)
 Metaspace       used 110860K, capacity 113592K, committed 113672K, reserved 1148928K
  class space    used 14280K, capacity 15308K, committed 15360K, reserved 1048576K
}

