# JRE version: OpenJDK Runtime Environment (11.0.13) (build 11.0.13+0-b1751.21-8125866)
# Java VM: OpenJDK 64-Bit Server VM (11.0.13+0-b1751.21-8125866, mixed mode, tiered, compressed oops, g1 gc, windows-amd64)
Heap:
 garbage-first heap   total 962560K, used 289318K [0x0000000080000000, 0x0000000100000000)
  region size 1024K, 4 young (4096K), 4 survivors (4096K)
 Metaspace       used 140568K, capacity 144836K, committed 145544K, reserved 1175552K
  class space    used 17057K, capacity 18692K, committed 18816K, reserved 1048576K
GC Heap History (20 events):
Event: 8332.669 GC heap after
{Heap after GC invocations=193 (full 0):
 garbage-first heap   total 236544K, used 193684K [0x0000000080000000, 0x0000000100000000)
  region size 1024K, 3 young (3072K), 3 survivors (3072K)
 Metaspace       used 140299K, capacity 144615K, committed 145544K, reserved 1175552K
  class space    used 17043K, capacity 18684K, committed 18816K, reserved 1048576K
}
Event: 8332.705 GC heap before
{Heap before GC invocations=193 (full 0):
 garbage-first heap   total 236544K, used 200852K [0x0000000080000000, 0x0000000100000000)
  region size 1024K, 11 young (11264K), 3 survivors (3072K)
 Metaspace       used 140299K, capacity 144615K, committed 145544K, reserved 1175552K
  class space    used 17043K, capacity 18684K, committed 18816K, reserved 1048576K
}
Event: 8332.714 GC heap after
{Heap after GC invocations=194 (full 0):
 garbage-first heap   total 236544K, used 197218K [0x0000000080000000, 0x0000000100000000)
  region size 1024K, 2 young (2048K), 2 survivors (2048K)
 Metaspace       used 140299K, capacity 144615K, committed 145544K, reserved 1175552K
  class space    used 17043K, capacity 18684K, committed 18816K, reserved 1048576K
}
Event: 8332.775 GC heap before
{Heap before GC invocations=194 (full 0):
 garbage-first heap   total 236544K, used 207458K [0x0000000080000000, 0x0000000100000000)
  region size 1024K, 11 young (11264K), 2 survivors (2048K)
 Metaspace       used 140315K, capacity 144615K, committed 145544K, reserved 1175552K
  class space    used 17043K, capacity 18684K, committed 18816K, reserved 1048576K
}
Event: 8332.785 GC heap after
{Heap after GC invocations=195 (full 0):
 garbage-first heap   total 236544K, used 203418K [0x0000000080000000, 0x0000000100000000)
  region size 1024K, 2 young (2048K), 2 survivors (2048K)
 Metaspace       used 140315K, capacity 144615K, committed 145544K, reserved 1175552K
  class space    used 17043K, capacity 18684K, committed 18816K, reserved 1048576K
}
Event: 8332.814 GC heap before
{Heap before GC invocations=195 (full 0):
 garbage-first heap   total 236544K, used 212634K [0x0000000080000000, 0x0000000100000000)
  region size 1024K, 11 young (11264K), 2 survivors (2048K)
 Metaspace       used 140356K, capacity 144691K, committed 145544K, reserved 1175552K
  class space    used 17045K, capacity 18688K, committed 18816K, reserved 1048576K
}
Event: 8332.823 GC heap after
{Heap after GC invocations=196 (full 0):
 garbage-first heap   total 236544K, used 208341K [0x0000000080000000, 0x0000000100000000)
  region size 1024K, 2 young (2048K), 2 survivors (2048K)
 Metaspace       used 140356K, capacity 144691K, committed 145544K, reserved 1175552K
  class space    used 17045K, capacity 18688K, committed 18816K, reserved 1048576K
}
Event: 8332.854 GC heap before
{Heap before GC invocations=196 (full 0):
 garbage-first heap   total 236544K, used 217557K [0x0000000080000000, 0x0000000100000000)
  region size 1024K, 11 young (11264K), 2 survivors (2048K)
 Metaspace       used 140369K, capacity 144691K, committed 145544K, reserved 1175552K
  class space    used 17045K, capacity 18688K, committed 18816K, reserved 1048576K
}
Event: 8332.861 GC heap after
{Heap after GC invocations=197 (full 0):
 garbage-first heap   total 236544K, used 213530K [0x0000000080000000, 0x0000000100000000)
  region size 1024K, 2 young (2048K), 2 survivors (2048K)
 Metaspace       used 140369K, capacity 144691K, committed 145544K, reserved 1175552K
  class space    used 17045K, capacity 18688K, committed 18816K, reserved 1048576K
}
Event: 8332.896 GC heap before
{Heap before GC invocations=197 (full 0):
 garbage-first heap   total 236544K, used 222746K [0x0000000080000000, 0x0000000100000000)
  region size 1024K, 11 young (11264K), 2 survivors (2048K)
 Metaspace       used 140380K, capacity 144692K, committed 145544K, reserved 1175552K
  class space    used 17045K, capacity 18688K, committed 18816K, reserved 1048576K
}
Event: 8332.902 GC heap after
{Heap after GC invocations=198 (full 0):
 garbage-first heap   total 236544K, used 218573K [0x0000000080000000, 0x0000000100000000)
  region size 1024K, 2 young (2048K), 2 survivors (2048K)
 Metaspace       used 140380K, capacity 144692K, committed 145544K, reserved 1175552K
  class space    used 17045K, capacity 18688K, committed 18816K, reserved 1048576K
}
Event: 8332.958 GC heap before
{Heap before GC invocations=198 (full 0):
 garbage-first heap   total 236544K, used 227789K [0x0000000080000000, 0x0000000100000000)
  region size 1024K, 11 young (11264K), 2 survivors (2048K)
 Metaspace       used 140391K, capacity 144692K, committed 145544K, reserved 1175552K
  class space    used 17045K, capacity 18688K, committed 18816K, reserved 1048576K
}
Event: 8332.969 GC heap after
{Heap after GC invocations=199 (full 0):
 garbage-first heap   total 384000K, used 223803K [0x0000000080000000, 0x0000000100000000)
  region size 1024K, 2 young (2048K), 2 survivors (2048K)
 Metaspace       used 140391K, capacity 144692K, committed 145544K, reserved 1175552K
  class space    used 17045K, capacity 18688K, committed 18816K, reserved 1048576K
}
Event: 8333.113 GC heap before
{Heap before GC invocations=200 (full 0):
 garbage-first heap   total 384000K, used 269883K [0x0000000080000000, 0x0000000100000000)
  region size 1024K, 47 young (48128K), 2 survivors (2048K)
 Metaspace       used 140423K, capacity 144760K, committed 145544K, reserved 1175552K
  class space    used 17045K, capacity 18688K, committed 18816K, reserved 1048576K
}
Event: 8333.138 GC heap after
{Heap after GC invocations=201 (full 0):
 garbage-first heap   total 384000K, used 247594K [0x0000000080000000, 0x0000000100000000)
  region size 1024K, 6 young (6144K), 6 survivors (6144K)
 Metaspace       used 140423K, capacity 144760K, committed 145544K, reserved 1175552K
  class space    used 17045K, capacity 18688K, committed 18816K, reserved 1048576K
}
Event: 8333.254 GC heap before
{Heap before GC invocations=201 (full 0):
 garbage-first heap   total 384000K, used 286506K [0x0000000080000000, 0x0000000100000000)
  region size 1024K, 44 young (45056K), 6 survivors (6144K)
 Metaspace       used 140433K, capacity 144760K, committed 145544K, reserved 1175552K
  class space    used 17045K, capacity 18688K, committed 18816K, reserved 1048576K
}
Event: 8333.275 GC heap after
{Heap after GC invocations=202 (full 0):
 garbage-first heap   total 384000K, used 269057K [0x0000000080000000, 0x0000000100000000)
  region size 1024K, 6 young (6144K), 6 survivors (6144K)
 Metaspace       used 140433K, capacity 144760K, committed 145544K, reserved 1175552K
  class space    used 17045K, capacity 18688K, committed 18816K, reserved 1048576K
}
Event: 8333.389 GC heap before
{Heap before GC invocations=202 (full 0):
 garbage-first heap   total 384000K, used 298753K [0x0000000080000000, 0x0000000100000000)
  region size 1024K, 36 young (36864K), 6 survivors (6144K)
 Metaspace       used 140471K, capacity 144760K, committed 145544K, reserved 1175552K
  class space    used 17045K, capacity 18688K, committed 18816K, reserved 1048576K
}
Event: 8333.407 GC heap after
{Heap after GC invocations=203 (full 0):
 garbage-first heap   total 384000K, used 285601K [0x0000000080000000, 0x0000000100000000)
  region size 1024K, 5 young (5120K), 5 survivors (5120K)
 Metaspace       used 140471K, capacity 144760K, committed 145544K, reserved 1175552K
  class space    used 17045K, capacity 18688K, committed 18816K, reserved 1048576K
}
Event: 8333.688 GC heap before
{Heap before GC invocations=203 (full 0):
 garbage-first heap   total 384000K, used 309153K [0x0000000080000000, 0x0000000100000000)
  region size 1024K, 29 young (29696K), 5 survivors (5120K)
 Metaspace       used 140568K, capacity 144836K, committed 145544K, reserved 1175552K
  class space    used 17057K, capacity 18692K, committed 18816K, reserved 1048576K
}

